<?xml version="1.0" encoding="UTF-8"?>
<!-- Generated by org.testng.reporters.JUnitXMLReporter -->
<testsuite ignored="3" hostname="LAPTOP-KQD2HIRQ" failures="0" tests="1" name="Default test" time="8.121" errors="0" timestamp="2022-12-05T20:30:13 IST">
  <testcase classname="sampleTestNG.AssertionEg" name="verifyTheDriverIsNullOrNot2" time="0.009"/>
  <testcase classname="sampleTestNG.AssertionEg" name="verifyTheWebPageIsLoadedWhileHittingTheUrl" time="0.0">
    <ignored/>
  </testcase> <!-- verifyTheWebPageIsLoadedWhileHittingTheUrl -->
  <testcase classname="sampleTestNG.AssertionEg" name="verifyHomeTabIsDisplayedOrNot" time="0.0">
    <ignored/>
  </testcase> <!-- verifyHomeTabIsDisplayedOrNot -->
  <testcase classname="sampleTestNG.AssertionEg" name="verifyTheDriverIsNullOrNot" time="0.0">
    <ignored/>
  </testcase> <!-- verifyTheDriverIsNullOrNot -->
</testsuite> <!-- Default test -->
