<?xml version="1.0" encoding="UTF-8"?>
<!-- Generated by org.testng.reporters.JUnitXMLReporter -->
<testsuite ignored="0" hostname="LAPTOP-KQD2HIRQ" failures="0" tests="5" name="Test" time="35.633" errors="0" timestamp="2022-11-24T17:08:40 IST">
  <testcase classname="sampleTestNG.DropDownTestNG" name="verifyTheDropDownValueIsSelectedByValueOrNot" time="1.441"/>
  <testcase classname="sampleTestNG.DropDownTestNG" name="verifyTheDropDownValueIsSelectedByVisibleTextOrNot" time="0.736"/>
  <testcase classname="sampleTestNG.DropDownTestNG" name="verifyTheDropDownValueIsSelelectedByIndexOrNot" time="1.5"/>
  <testcase classname="sampleTestNG.AnnotationEgtestNG" name="testCase1" time="0.004"/>
  <testcase classname="sampleTestNG.AnnotationEgtestNG" name="testCase2" time="0.007"/>
</testsuite> <!-- Test -->
