<?xml version="1.0" encoding="UTF-8"?>
<testng-results ignored="0" total="1" passed="1" failed="0" skipped="0">
  <reporter-output>
  </reporter-output>
  <suite started-at="2022-12-27T11:29:52 IST" name="Default suite" finished-at="2022-12-27T11:29:59 IST" duration-ms="7177">
    <groups>
    </groups>
    <test started-at="2022-12-27T11:29:52 IST" name="Default test" finished-at="2022-12-27T11:29:59 IST" duration-ms="7177">
      <class name="ExecuteClasses.ExecuteLoginPage">
        <test-method is-config="true" signature="beforeMethod()[pri:0, instance:ExecuteClasses.ExecuteLoginPage@c8c12ac]" started-at="2022-12-27T11:29:52 IST" name="beforeMethod" finished-at="2022-12-27T11:29:58 IST" duration-ms="5506" status="PASS">
          <reporter-output>
          </reporter-output>
        </test-method> <!-- beforeMethod -->
        <test-method signature="verifySuccessfulLogin()[pri:0, instance:ExecuteClasses.ExecuteLoginPage@c8c12ac]" started-at="2022-12-27T11:29:58 IST" name="verifySuccessfulLogin" finished-at="2022-12-27T11:29:59 IST" duration-ms="1309" status="PASS">
          <reporter-output>
          </reporter-output>
        </test-method> <!-- verifySuccessfulLogin -->
        <test-method is-config="true" signature="afterMethod()[pri:0, instance:ExecuteClasses.ExecuteLoginPage@c8c12ac]" started-at="2022-12-27T11:29:59 IST" name="afterMethod" finished-at="2022-12-27T11:29:59 IST" duration-ms="326" status="PASS">
          <reporter-output>
          </reporter-output>
        </test-method> <!-- afterMethod -->
      </class> <!-- ExecuteClasses.ExecuteLoginPage -->
    </test> <!-- Default test -->
  </suite> <!-- Default suite -->
</testng-results>
