<?xml version="1.0" encoding="UTF-8"?>
<testng-results ignored="0" total="8" passed="8" failed="0" skipped="0">
  <reporter-output>
  </reporter-output>
  <suite started-at="2023-01-06T01:03:03 IST" name="Parrallel Testing" finished-at="2023-01-06T01:03:03 IST" duration-ms="53">
    <groups>
    </groups>
    <test started-at="2023-01-06T01:03:03 IST" name="My Test103" finished-at="2023-01-06T01:03:03 IST" duration-ms="51">
      <class name="sampleTestNG.DependsOnTest">
        <test-method signature="openBrowser()[pri:0, instance:sampleTestNG.DependsOnTest@436813f3]" started-at="2023-01-06T01:03:03 IST" name="openBrowser" finished-at="2023-01-06T01:03:03 IST" duration-ms="9" status="PASS">
          <reporter-output>
          </reporter-output>
        </test-method> <!-- openBrowser -->
        <test-method signature="signIn()[pri:0, instance:sampleTestNG.DependsOnTest@436813f3]" started-at="2023-01-06T01:03:03 IST" name="signIn" finished-at="2023-01-06T01:03:03 IST" duration-ms="8" status="PASS">
          <reporter-output>
          </reporter-output>
        </test-method> <!-- signIn -->
      </class> <!-- sampleTestNG.DependsOnTest -->
    </test> <!-- My Test103 -->
    <test started-at="2023-01-06T01:03:03 IST" name="My Test100" finished-at="2023-01-06T01:03:03 IST" duration-ms="53">
      <class name="sampleTestNG.ParallelTest1">
        <test-method signature="testa()[pri:0, instance:sampleTestNG.ParallelTest1@56620197]" started-at="2023-01-06T01:03:03 IST" name="testa" finished-at="2023-01-06T01:03:03 IST" duration-ms="9" status="PASS">
          <reporter-output>
          </reporter-output>
        </test-method> <!-- testa -->
        <test-method signature="testb()[pri:0, instance:sampleTestNG.ParallelTest1@56620197]" started-at="2023-01-06T01:03:03 IST" name="testb" finished-at="2023-01-06T01:03:03 IST" duration-ms="2" status="PASS">
          <reporter-output>
          </reporter-output>
        </test-method> <!-- testb -->
        <test-method signature="testc()[pri:0, instance:sampleTestNG.ParallelTest1@56620197]" started-at="2023-01-06T01:03:03 IST" name="testc" finished-at="2023-01-06T01:03:03 IST" duration-ms="3" status="PASS">
          <reporter-output>
          </reporter-output>
        </test-method> <!-- testc -->
      </class> <!-- sampleTestNG.ParallelTest1 -->
    </test> <!-- My Test100 -->
    <test started-at="2023-01-06T01:03:03 IST" name="My Test101" finished-at="2023-01-06T01:03:03 IST" duration-ms="51">
      <class name="sampleTestNG.ParallelTest2">
        <test-method signature="test21()[pri:0, instance:sampleTestNG.ParallelTest2@1189dd52]" started-at="2023-01-06T01:03:03 IST" name="test21" finished-at="2023-01-06T01:03:03 IST" duration-ms="9" status="PASS">
          <reporter-output>
          </reporter-output>
        </test-method> <!-- test21 -->
        <test-method signature="test22()[pri:0, instance:sampleTestNG.ParallelTest2@1189dd52]" started-at="2023-01-06T01:03:03 IST" name="test22" finished-at="2023-01-06T01:03:03 IST" duration-ms="2" status="PASS">
          <reporter-output>
          </reporter-output>
        </test-method> <!-- test22 -->
        <test-method signature="test23()[pri:0, instance:sampleTestNG.ParallelTest2@1189dd52]" started-at="2023-01-06T01:03:03 IST" name="test23" finished-at="2023-01-06T01:03:03 IST" duration-ms="3" status="PASS">
          <reporter-output>
          </reporter-output>
        </test-method> <!-- test23 -->
      </class> <!-- sampleTestNG.ParallelTest2 -->
    </test> <!-- My Test101 -->
  </suite> <!-- Parrallel Testing -->
</testng-results>
