<?xml version="1.0" encoding="UTF-8"?>
<!-- Generated by org.testng.reporters.JUnitXMLReporter -->
<testsuite ignored="0" hostname="LAPTOP-KQD2HIRQ" failures="0" tests="3" name="My Test100" time="0.053" errors="0" timestamp="2023-01-06T01:03:03 IST">
  <testcase classname="sampleTestNG.ParallelTest1" name="testa" time="0.009"/>
  <testcase classname="sampleTestNG.ParallelTest1" name="testb" time="0.002"/>
  <testcase classname="sampleTestNG.ParallelTest1" name="testc" time="0.003"/>
</testsuite> <!-- My Test100 -->
